{"D:\\Workspace\\GitHub\\harry-potter-search\\src\\main.tsx": {"path":"D:\\Workspace\\GitHub\\harry-potter-search\\src\\main.tsx","statementMap":{"0":{"start":{"line":1,"column":0},"end":{"line":1,"column":26}},"1":{"start":{"line":2,"column":0},"end":{"line":2,"column":40}},"2":{"start":{"line":3,"column":0},"end":{"line":3,"column":32}},"3":{"start":{"line":4,"column":0},"end":{"line":4,"column":62}},"4":{"start":{"line":5,"column":0},"end":{"line":5,"column":29}},"5":{"start":{"line":7,"column":0},"end":{"line":13,"column":2}}},"fnMap":{},"branchMap":{},"s":{"0":0,"1":0,"2":0,"3":0,"4":0,"5":0},"f":{},"b":{}}
,"D:\\Workspace\\GitHub\\harry-potter-search\\src\\vite-env.d.ts": {"path":"D:\\Workspace\\GitHub\\harry-potter-search\\src\\vite-env.d.ts","statementMap":{},"fnMap":{},"branchMap":{},"s":{},"f":{},"b":{}}
,"D:\\Workspace\\GitHub\\harry-potter-search\\src\\UI\\errorMessage\\ErrorMessage.tsx": {"path":"D:\\Workspace\\GitHub\\harry-potter-search\\src\\UI\\errorMessage\\ErrorMessage.tsx","statementMap":{"0":{"start":{"line":1,"column":0},"end":{"line":1,"column":62}},"1":{"start":{"line":3,"column":0},"end":{"line":3,"column":54}},"2":{"start":{"line":5,"column":21},"end":{"line":13,"column":1}},"3":{"start":{"line":6,"column":24},"end":{"line":6,"column":76}},"4":{"start":{"line":7,"column":2},"end":{"line":12,"column":4}},"5":{"start":{"line":15,"column":0},"end":{"line":15,"column":28}}},"fnMap":{"0":{"name":"(anonymous_1)","decl":{"start":{"line":5,"column":21},"end":{"line":5,"column":22}},"loc":{"start":{"line":5,"column":63},"end":{"line":13,"column":1}}}},"branchMap":{},"s":{"0":2,"1":2,"2":2,"3":14,"4":14,"5":2},"f":{"0":14},"b":{}}
,"D:\\Workspace\\GitHub\\harry-potter-search\\src\\UI\\loader\\Loader.tsx": {"path":"D:\\Workspace\\GitHub\\harry-potter-search\\src\\UI\\loader\\Loader.tsx","statementMap":{"0":{"start":{"line":2,"column":0},"end":{"line":2,"column":62}},"1":{"start":{"line":4,"column":15},"end":{"line":7,"column":1}},"2":{"start":{"line":5,"column":24},"end":{"line":5,"column":77}},"3":{"start":{"line":6,"column":2},"end":{"line":6,"column":64}},"4":{"start":{"line":9,"column":0},"end":{"line":9,"column":22}}},"fnMap":{"0":{"name":"(anonymous_1)","decl":{"start":{"line":4,"column":15},"end":{"line":4,"column":16}},"loc":{"start":{"line":4,"column":45},"end":{"line":7,"column":1}}}},"branchMap":{},"s":{"0":4,"1":4,"2":6,"3":6,"4":4},"f":{"0":6},"b":{}}
,"D:\\Workspace\\GitHub\\harry-potter-search\\src\\UI\\logo\\Logo.tsx": {"path":"D:\\Workspace\\GitHub\\harry-potter-search\\src\\UI\\logo\\Logo.tsx","statementMap":{"0":{"start":{"line":2,"column":0},"end":{"line":2,"column":62}},"1":{"start":{"line":3,"column":0},"end":{"line":3,"column":40}},"2":{"start":{"line":5,"column":13},"end":{"line":14,"column":1}},"3":{"start":{"line":6,"column":24},"end":{"line":6,"column":75}},"4":{"start":{"line":8,"column":2},"end":{"line":13,"column":4}},"5":{"start":{"line":16,"column":0},"end":{"line":16,"column":20}}},"fnMap":{"0":{"name":"(anonymous_1)","decl":{"start":{"line":5,"column":13},"end":{"line":5,"column":14}},"loc":{"start":{"line":5,"column":47},"end":{"line":14,"column":1}}}},"branchMap":{"0":{"loc":{"start":{"line":11,"column":7},"end":{"line":11,"column":95}},"type":"binary-expr","locations":[{"start":{"line":11,"column":7},"end":{"line":11,"column":20}},{"start":{"line":11,"column":24},"end":{"line":11,"column":95}}]}},"s":{"0":2,"1":2,"2":2,"3":7,"4":7,"5":2},"f":{"0":7},"b":{"0":[7,4]}}
,"D:\\Workspace\\GitHub\\harry-potter-search\\src\\UI\\select\\Select.tsx": {"path":"D:\\Workspace\\GitHub\\harry-potter-search\\src\\UI\\select\\Select.tsx","statementMap":{"0":{"start":{"line":1,"column":0},"end":{"line":1,"column":62}},"1":{"start":{"line":4,"column":15},"end":{"line":23,"column":1}},"2":{"start":{"line":5,"column":24},"end":{"line":5,"column":77}},"3":{"start":{"line":7,"column":23},"end":{"line":9,"column":3}},"4":{"start":{"line":8,"column":4},"end":{"line":8,"column":77}},"5":{"start":{"line":8,"column":33},"end":{"line":8,"column":77}},"6":{"start":{"line":11,"column":2},"end":{"line":22,"column":4}},"7":{"start":{"line":16,"column":10},"end":{"line":16,"column":58}},"8":{"start":{"line":25,"column":0},"end":{"line":25,"column":22}}},"fnMap":{"0":{"name":"(anonymous_1)","decl":{"start":{"line":4,"column":15},"end":{"line":4,"column":16}},"loc":{"start":{"line":4,"column":51},"end":{"line":23,"column":1}}},"1":{"name":"(anonymous_2)","decl":{"start":{"line":7,"column":23},"end":{"line":7,"column":24}},"loc":{"start":{"line":7,"column":77},"end":{"line":9,"column":3}}},"2":{"name":"(anonymous_3)","decl":{"start":{"line":15,"column":27},"end":{"line":15,"column":28}},"loc":{"start":{"line":16,"column":10},"end":{"line":16,"column":58}}}},"branchMap":{"0":{"loc":{"start":{"line":8,"column":4},"end":{"line":8,"column":77}},"type":"if","locations":[{"start":{"line":8,"column":4},"end":{"line":8,"column":77}}]}},"s":{"0":1,"1":1,"2":3,"3":3,"4":1,"5":1,"6":3,"7":9,"8":1},"f":{"0":3,"1":1,"2":9},"b":{"0":[1]}}
,"D:\\Workspace\\GitHub\\harry-potter-search\\src\\api\\constants\\apiBase.ts": {"path":"D:\\Workspace\\GitHub\\harry-potter-search\\src\\api\\constants\\apiBase.ts","statementMap":{"0":{"start":{"line":1,"column":0},"end":{"line":1,"column":null}},"1":{"start":{"line":2,"column":2},"end":{"line":2,"column":null}},"2":{"start":{"line":3,"column":2},"end":{"line":3,"column":null}},"3":{"start":{"line":6,"column":0},"end":{"line":6,"column":23}}},"fnMap":{"0":{"name":"(anonymous_0)","decl":{"start":{"line":1,"column":0},"end":{"line":1,"column":5}},"loc":{"start":{"line":1,"column":12},"end":{"line":4,"column":1}}}},"branchMap":{"0":{"loc":{"start":{"line":1,"column":5},"end":{"line":1,"column":null}},"type":"binary-expr","locations":[{"start":{"line":1,"column":5},"end":{"line":1,"column":12}},{"start":{"line":1,"column":5},"end":{"line":1,"column":null}}]}},"s":{"0":4,"1":4,"2":4,"3":4},"f":{"0":4},"b":{"0":[4,4]}}
,"D:\\Workspace\\GitHub\\harry-potter-search\\src\\api\\constants\\limitsPerPage.ts": {"path":"D:\\Workspace\\GitHub\\harry-potter-search\\src\\api\\constants\\limitsPerPage.ts","statementMap":{"0":{"start":{"line":1,"column":0},"end":{"line":1,"column":null}},"1":{"start":{"line":2,"column":2},"end":{"line":2,"column":null}},"2":{"start":{"line":3,"column":2},"end":{"line":3,"column":null}},"3":{"start":{"line":4,"column":2},"end":{"line":4,"column":null}},"4":{"start":{"line":5,"column":2},"end":{"line":5,"column":null}},"5":{"start":{"line":6,"column":2},"end":{"line":6,"column":null}},"6":{"start":{"line":7,"column":2},"end":{"line":7,"column":null}},"7":{"start":{"line":10,"column":0},"end":{"line":10,"column":29}}},"fnMap":{"0":{"name":"(anonymous_0)","decl":{"start":{"line":1,"column":0},"end":{"line":1,"column":5}},"loc":{"start":{"line":1,"column":18},"end":{"line":8,"column":1}}}},"branchMap":{"0":{"loc":{"start":{"line":1,"column":5},"end":{"line":1,"column":null}},"type":"binary-expr","locations":[{"start":{"line":1,"column":5},"end":{"line":1,"column":18}},{"start":{"line":1,"column":5},"end":{"line":1,"column":null}}]}},"s":{"0":0,"1":0,"2":0,"3":0,"4":0,"5":0,"6":0,"7":0},"f":{"0":0},"b":{"0":[0,0]}}
,"D:\\Workspace\\GitHub\\harry-potter-search\\src\\api\\helpers\\getCharacterResult.ts": {"path":"D:\\Workspace\\GitHub\\harry-potter-search\\src\\api\\helpers\\getCharacterResult.ts","statementMap":{"0":{"start":{"line":4,"column":19},"end":{"line":4,"column":43}},"1":{"start":{"line":5,"column":15},"end":{"line":5,"column":36}},"2":{"start":{"line":6,"column":36},"end":{"line":6,"column":53}},"3":{"start":{"line":7,"column":2},"end":{"line":7,"column":16}},"4":{"start":{"line":10,"column":0},"end":{"line":10,"column":34}}},"fnMap":{"0":{"name":"getCharacterResult","decl":{"start":{"line":3,"column":15},"end":{"line":3,"column":33}},"loc":{"start":{"line":3,"column":75},"end":{"line":8,"column":1}}}},"branchMap":{},"s":{"0":0,"1":0,"2":0,"3":0,"4":0},"f":{"0":0},"b":{}}
,"D:\\Workspace\\GitHub\\harry-potter-search\\src\\api\\helpers\\getSearchResult.ts": {"path":"D:\\Workspace\\GitHub\\harry-potter-search\\src\\api\\helpers\\getSearchResult.ts","statementMap":{"0":{"start":{"line":2,"column":0},"end":{"line":2,"column":55}},"1":{"start":{"line":11,"column":19},"end":{"line":13,"column":32}},"2":{"start":{"line":14,"column":15},"end":{"line":14,"column":36}},"3":{"start":{"line":15,"column":33},"end":{"line":15,"column":50}},"4":{"start":{"line":16,"column":2},"end":{"line":16,"column":16}},"5":{"start":{"line":19,"column":0},"end":{"line":19,"column":31}}},"fnMap":{"0":{"name":"getSearchResult","decl":{"start":{"line":4,"column":15},"end":{"line":4,"column":30}},"loc":{"start":{"line":9,"column":16},"end":{"line":17,"column":1}}}},"branchMap":{"0":{"loc":{"start":{"line":11,"column":58},"end":{"line":11,"column":70}},"type":"binary-expr","locations":[{"start":{"line":11,"column":58},"end":{"line":11,"column":64}},{"start":{"line":11,"column":68},"end":{"line":11,"column":70}}]},"1":{"loc":{"start":{"line":12,"column":4},"end":{"line":12,"column":null}},"type":"binary-expr","locations":[{"start":{"line":12,"column":4},"end":{"line":12,"column":9}},{"start":{"line":12,"column":13},"end":{"line":12,"column":null}}]},"2":{"loc":{"start":{"line":13,"column":19},"end":{"line":13,"column":30}},"type":"binary-expr","locations":[{"start":{"line":13,"column":19},"end":{"line":13,"column":23}},{"start":{"line":13,"column":27},"end":{"line":13,"column":30}}]}},"s":{"0":0,"1":0,"2":0,"3":0,"4":0,"5":0},"f":{"0":0},"b":{"0":[0,0],"1":[0,0],"2":[0,0]}}
,"D:\\Workspace\\GitHub\\harry-potter-search\\src\\app\\App.tsx": {"path":"D:\\Workspace\\GitHub\\harry-potter-search\\src\\app\\App.tsx","statementMap":{"0":{"start":{"line":1,"column":0},"end":{"line":1,"column":104}},"1":{"start":{"line":2,"column":0},"end":{"line":2,"column":38}},"2":{"start":{"line":3,"column":0},"end":{"line":3,"column":61}},"3":{"start":{"line":4,"column":0},"end":{"line":4,"column":64}},"4":{"start":{"line":5,"column":0},"end":{"line":5,"column":41}},"5":{"start":{"line":6,"column":0},"end":{"line":6,"column":58}},"6":{"start":{"line":8,"column":15},"end":{"line":16,"column":null}},"7":{"start":{"line":19,"column":12},"end":{"line":21,"column":1}},"8":{"start":{"line":20,"column":2},"end":{"line":20,"column":44}},"9":{"start":{"line":23,"column":0},"end":{"line":23,"column":19}}},"fnMap":{"0":{"name":"(anonymous_1)","decl":{"start":{"line":19,"column":12},"end":{"line":19,"column":28}},"loc":{"start":{"line":19,"column":30},"end":{"line":21,"column":1}}}},"branchMap":{},"s":{"0":0,"1":0,"2":0,"3":0,"4":0,"5":0,"6":0,"7":0,"8":0,"9":0},"f":{"0":0},"b":{}}
,"D:\\Workspace\\GitHub\\harry-potter-search\\src\\app\\RootLayout.tsx": {"path":"D:\\Workspace\\GitHub\\harry-potter-search\\src\\app\\RootLayout.tsx","statementMap":{"0":{"start":{"line":1,"column":0},"end":{"line":1,"column":42}},"1":{"start":{"line":2,"column":0},"end":{"line":2,"column":59}},"2":{"start":{"line":3,"column":0},"end":{"line":3,"column":39}},"3":{"start":{"line":6,"column":19},"end":{"line":14,"column":1}},"4":{"start":{"line":7,"column":24},"end":{"line":7,"column":82}},"5":{"start":{"line":8,"column":2},"end":{"line":13,"column":4}},"6":{"start":{"line":16,"column":0},"end":{"line":16,"column":26}}},"fnMap":{"0":{"name":"(anonymous_1)","decl":{"start":{"line":6,"column":19},"end":{"line":6,"column":20}},"loc":{"start":{"line":6,"column":49},"end":{"line":14,"column":1}}}},"branchMap":{},"s":{"0":0,"1":0,"2":0,"3":0,"4":0,"5":0,"6":0},"f":{"0":0},"b":{}}
,"D:\\Workspace\\GitHub\\harry-potter-search\\src\\components\\characterCard\\CharacterCard.tsx": {"path":"D:\\Workspace\\GitHub\\harry-potter-search\\src\\components\\characterCard\\CharacterCard.tsx","statementMap":{"0":{"start":{"line":1,"column":0},"end":{"line":1,"column":57}},"1":{"start":{"line":3,"column":0},"end":{"line":3,"column":62}},"2":{"start":{"line":4,"column":0},"end":{"line":4,"column":52}},"3":{"start":{"line":6,"column":22},"end":{"line":32,"column":1}},"4":{"start":{"line":7,"column":24},"end":{"line":7,"column":85}},"5":{"start":{"line":8,"column":25},"end":{"line":8,"column":42}},"6":{"start":{"line":10,"column":2},"end":{"line":31,"column":4}},"7":{"start":{"line":19,"column":12},"end":{"line":25,"column":null}},"8":{"start":{"line":34,"column":0},"end":{"line":34,"column":29}}},"fnMap":{"0":{"name":"(anonymous_1)","decl":{"start":{"line":6,"column":22},"end":{"line":6,"column":23}},"loc":{"start":{"line":6,"column":65},"end":{"line":32,"column":1}}},"1":{"name":"(anonymous_2)","decl":{"start":{"line":18,"column":10},"end":{"line":18,"column":11}},"loc":{"start":{"line":19,"column":12},"end":{"line":25,"column":null}}}},"branchMap":{"0":{"loc":{"start":{"line":14,"column":28},"end":{"line":14,"column":83}},"type":"cond-expr","locations":[{"start":{"line":14,"column":55},"end":{"line":14,"column":79}},{"start":{"line":14,"column":82},"end":{"line":14,"column":83}}]},"1":{"loc":{"start":{"line":19,"column":12},"end":{"line":25,"column":null}},"type":"binary-expr","locations":[{"start":{"line":19,"column":12},"end":{"line":19,"column":28}},{"start":{"line":20,"column":12},"end":{"line":20,"column":31}},{"start":{"line":21,"column":14},"end":{"line":21,"column":55}}]},"2":{"loc":{"start":{"line":24,"column":17},"end":{"line":24,"column":37}},"type":"binary-expr","locations":[{"start":{"line":24,"column":17},"end":{"line":24,"column":24}},{"start":{"line":24,"column":28},"end":{"line":24,"column":37}}]}},"s":{"0":2,"1":2,"2":2,"3":2,"4":6,"5":6,"6":6,"7":48,"8":2},"f":{"0":6,"1":48},"b":{"0":[0,6],"1":[48,42,36],"2":[36,6]}}
,"D:\\Workspace\\GitHub\\harry-potter-search\\src\\contexts\\searchFormContext\\SearchFormContext.ts": {"path":"D:\\Workspace\\GitHub\\harry-potter-search\\src\\contexts\\searchFormContext\\SearchFormContext.ts","statementMap":{"0":{"start":{"line":1,"column":0},"end":{"line":1,"column":38}},"1":{"start":{"line":4,"column":26},"end":{"line":4,"column":85}},"2":{"start":{"line":6,"column":0},"end":{"line":6,"column":33}}},"fnMap":{},"branchMap":{},"s":{"0":4,"1":4,"2":4},"f":{},"b":{}}
,"D:\\Workspace\\GitHub\\harry-potter-search\\src\\contexts\\searchFormContext\\SearchFormProvider.tsx": {"path":"D:\\Workspace\\GitHub\\harry-potter-search\\src\\contexts\\searchFormContext\\SearchFormProvider.tsx","statementMap":{"0":{"start":{"line":1,"column":0},"end":{"line":1,"column":33}},"1":{"start":{"line":2,"column":0},"end":{"line":2,"column":52}},"2":{"start":{"line":5,"column":27},"end":{"line":22,"column":1}},"3":{"start":{"line":6,"column":25},"end":{"line":6,"column":59}},"4":{"start":{"line":7,"column":38},"end":{"line":7,"column":68}},"5":{"start":{"line":8,"column":36},"end":{"line":8,"column":68}},"6":{"start":{"line":10,"column":27},"end":{"line":12,"column":3}},"7":{"start":{"line":11,"column":4},"end":{"line":11,"column":30}},"8":{"start":{"line":14,"column":26},"end":{"line":16,"column":3}},"9":{"start":{"line":15,"column":4},"end":{"line":15,"column":28}},"10":{"start":{"line":17,"column":2},"end":{"line":21,"column":4}},"11":{"start":{"line":24,"column":0},"end":{"line":24,"column":34}}},"fnMap":{"0":{"name":"(anonymous_1)","decl":{"start":{"line":5,"column":27},"end":{"line":5,"column":28}},"loc":{"start":{"line":5,"column":77},"end":{"line":22,"column":1}}},"1":{"name":"(anonymous_2)","decl":{"start":{"line":10,"column":27},"end":{"line":10,"column":28}},"loc":{"start":{"line":10,"column":56},"end":{"line":12,"column":3}}},"2":{"name":"(anonymous_3)","decl":{"start":{"line":14,"column":26},"end":{"line":14,"column":27}},"loc":{"start":{"line":14,"column":66},"end":{"line":16,"column":3}}}},"branchMap":{"0":{"loc":{"start":{"line":7,"column":47},"end":{"line":7,"column":67}},"type":"binary-expr","locations":[{"start":{"line":7,"column":47},"end":{"line":7,"column":61}},{"start":{"line":7,"column":65},"end":{"line":7,"column":67}}]}},"s":{"0":0,"1":0,"2":0,"3":0,"4":0,"5":0,"6":0,"7":0,"8":0,"9":0,"10":0,"11":0},"f":{"0":0,"1":0,"2":0},"b":{"0":[0,0]}}
,"D:\\Workspace\\GitHub\\harry-potter-search\\src\\contexts\\searchFormContext\\useSearchFormContext.ts": {"path":"D:\\Workspace\\GitHub\\harry-potter-search\\src\\contexts\\searchFormContext\\useSearchFormContext.ts","statementMap":{"0":{"start":{"line":1,"column":0},"end":{"line":1,"column":35}},"1":{"start":{"line":2,"column":0},"end":{"line":2,"column":52}},"2":{"start":{"line":5,"column":29},"end":{"line":11,"column":1}},"3":{"start":{"line":6,"column":18},"end":{"line":6,"column":47}},"4":{"start":{"line":7,"column":2},"end":{"line":9,"column":null}},"5":{"start":{"line":8,"column":4},"end":{"line":8,"column":83}},"6":{"start":{"line":10,"column":2},"end":{"line":10,"column":17}},"7":{"start":{"line":13,"column":0},"end":{"line":13,"column":36}}},"fnMap":{"0":{"name":"(anonymous_1)","decl":{"start":{"line":5,"column":29},"end":{"line":5,"column":55}},"loc":{"start":{"line":5,"column":57},"end":{"line":11,"column":1}}}},"branchMap":{"0":{"loc":{"start":{"line":7,"column":2},"end":{"line":9,"column":null}},"type":"if","locations":[{"start":{"line":7,"column":2},"end":{"line":9,"column":null}}]}},"s":{"0":4,"1":4,"2":4,"3":19,"4":19,"5":0,"6":19,"7":4},"f":{"0":19},"b":{"0":[0]}}
,"D:\\Workspace\\GitHub\\harry-potter-search\\src\\helpers\\getFullClassName.ts": {"path":"D:\\Workspace\\GitHub\\harry-potter-search\\src\\helpers\\getFullClassName.ts","statementMap":{"0":{"start":{"line":2,"column":2},"end":{"line":2,"column":95}},"1":{"start":{"line":5,"column":0},"end":{"line":5,"column":32}}},"fnMap":{"0":{"name":"getFullClassName","decl":{"start":{"line":1,"column":9},"end":{"line":1,"column":25}},"loc":{"start":{"line":1,"column":80},"end":{"line":3,"column":1}}}},"branchMap":{"0":{"loc":{"start":{"line":2,"column":9},"end":{"line":2,"column":94}},"type":"cond-expr","locations":[{"start":{"line":2,"column":31},"end":{"line":2,"column":75}},{"start":{"line":2,"column":78},"end":{"line":2,"column":94}}]}},"s":{"0":63,"1":11},"f":{"0":63},"b":{"0":[23,40]}}
,"D:\\Workspace\\GitHub\\harry-potter-search\\src\\modules\\characterCards\\index.tsx": {"path":"D:\\Workspace\\GitHub\\harry-potter-search\\src\\modules\\characterCards\\index.tsx","statementMap":{"0":{"start":{"line":1,"column":0},"end":{"line":1,"column":57}},"1":{"start":{"line":3,"column":0},"end":{"line":3,"column":30}}},"fnMap":{},"branchMap":{},"s":{"0":1,"1":1},"f":{},"b":{}}
,"D:\\Workspace\\GitHub\\harry-potter-search\\src\\modules\\characterCards\\components\\CharacterCards.tsx": {"path":"D:\\Workspace\\GitHub\\harry-potter-search\\src\\modules\\characterCards\\components\\CharacterCards.tsx","statementMap":{"0":{"start":{"line":1,"column":0},"end":{"line":1,"column":92}},"1":{"start":{"line":2,"column":0},"end":{"line":2,"column":76}},"2":{"start":{"line":3,"column":0},"end":{"line":3,"column":47}},"3":{"start":{"line":5,"column":0},"end":{"line":5,"column":81}},"4":{"start":{"line":7,"column":23},"end":{"line":25,"column":1}},"5":{"start":{"line":8,"column":24},"end":{"line":8,"column":46}},"6":{"start":{"line":10,"column":2},"end":{"line":24,"column":4}},"7":{"start":{"line":15,"column":65},"end":{"line":15,"column":94}},"8":{"start":{"line":27,"column":0},"end":{"line":27,"column":30}}},"fnMap":{"0":{"name":"(anonymous_1)","decl":{"start":{"line":7,"column":23},"end":{"line":7,"column":24}},"loc":{"start":{"line":7,"column":67},"end":{"line":25,"column":1}}},"1":{"name":"(anonymous_2)","decl":{"start":{"line":15,"column":55},"end":{"line":15,"column":56}},"loc":{"start":{"line":15,"column":65},"end":{"line":15,"column":94}}}},"branchMap":{"0":{"loc":{"start":{"line":13,"column":9},"end":{"line":20,"column":null}},"type":"cond-expr","locations":[{"start":{"line":14,"column":10},"end":{"line":17,"column":null}},{"start":{"line":20,"column":10},"end":{"line":20,"column":20}}]},"1":{"loc":{"start":{"line":14,"column":10},"end":{"line":17,"column":null}},"type":"cond-expr","locations":[{"start":{"line":15,"column":12},"end":{"line":15,"column":113}},{"start":{"line":17,"column":12},"end":{"line":17,"column":117}}]}},"s":{"0":1,"1":1,"2":1,"3":1,"4":1,"5":3,"6":3,"7":2,"8":1},"f":{"0":3,"1":2},"b":{"0":[3,0],"1":[2,1]}}
,"D:\\Workspace\\GitHub\\harry-potter-search\\src\\modules\\characterCards\\helpers\\transformResponseToCardInfo.ts": {"path":"D:\\Workspace\\GitHub\\harry-potter-search\\src\\modules\\characterCards\\helpers\\transformResponseToCardInfo.ts","statementMap":{"0":{"start":{"line":3,"column":17},"end":{"line":15,"column":4}},"1":{"start":{"line":4,"column":64},"end":{"line":4,"column":79}},"2":{"start":{"line":5,"column":4},"end":{"line":14,"column":6}},"3":{"start":{"line":16,"column":2},"end":{"line":16,"column":16}},"4":{"start":{"line":19,"column":0},"end":{"line":19,"column":43}}},"fnMap":{"0":{"name":"transformResponseToCardInfo","decl":{"start":{"line":2,"column":9},"end":{"line":2,"column":36}},"loc":{"start":{"line":2,"column":65},"end":{"line":17,"column":1}}},"1":{"name":"(anonymous_1)","decl":{"start":{"line":3,"column":30},"end":{"line":3,"column":31}},"loc":{"start":{"line":3,"column":39},"end":{"line":15,"column":3}}}},"branchMap":{},"s":{"0":2,"1":2,"2":2,"3":2,"4":1},"f":{"0":2,"1":2},"b":{}}
,"D:\\Workspace\\GitHub\\harry-potter-search\\src\\modules\\details\\index.tsx": {"path":"D:\\Workspace\\GitHub\\harry-potter-search\\src\\modules\\details\\index.tsx","statementMap":{"0":{"start":{"line":1,"column":0},"end":{"line":1,"column":43}},"1":{"start":{"line":3,"column":0},"end":{"line":3,"column":23}}},"fnMap":{},"branchMap":{},"s":{"0":2,"1":2},"f":{},"b":{}}
,"D:\\Workspace\\GitHub\\harry-potter-search\\src\\modules\\details\\components\\Details.tsx": {"path":"D:\\Workspace\\GitHub\\harry-potter-search\\src\\modules\\details\\components\\Details.tsx","statementMap":{"0":{"start":{"line":1,"column":0},"end":{"line":1,"column":44}},"1":{"start":{"line":2,"column":0},"end":{"line":2,"column":57}},"2":{"start":{"line":3,"column":0},"end":{"line":3,"column":65}},"3":{"start":{"line":4,"column":0},"end":{"line":4,"column":87}},"4":{"start":{"line":6,"column":0},"end":{"line":6,"column":73}},"5":{"start":{"line":7,"column":0},"end":{"line":7,"column":53}},"6":{"start":{"line":8,"column":0},"end":{"line":8,"column":57}},"7":{"start":{"line":9,"column":0},"end":{"line":9,"column":50}},"8":{"start":{"line":10,"column":0},"end":{"line":10,"column":47}},"9":{"start":{"line":12,"column":16},"end":{"line":76,"column":1}},"10":{"start":{"line":13,"column":24},"end":{"line":13,"column":78}},"11":{"start":{"line":14,"column":25},"end":{"line":14,"column":42}},"12":{"start":{"line":15,"column":32},"end":{"line":15,"column":55}},"13":{"start":{"line":16,"column":30},"end":{"line":16,"column":45}},"14":{"start":{"line":18,"column":2},"end":{"line":27,"column":21}},"15":{"start":{"line":19,"column":22},"end":{"line":25,"column":5}},"16":{"start":{"line":20,"column":6},"end":{"line":20,"column":22}},"17":{"start":{"line":21,"column":21},"end":{"line":21,"column":48}},"18":{"start":{"line":22,"column":21},"end":{"line":22,"column":90}},"19":{"start":{"line":23,"column":6},"end":{"line":23,"column":62}},"20":{"start":{"line":24,"column":6},"end":{"line":24,"column":23}},"21":{"start":{"line":26,"column":4},"end":{"line":26,"column":16}},"22":{"start":{"line":29,"column":2},"end":{"line":75,"column":4}},"23":{"start":{"line":48,"column":20},"end":{"line":63,"column":null}},"24":{"start":{"line":57,"column":30},"end":{"line":57,"column":44}},"25":{"start":{"line":78,"column":0},"end":{"line":78,"column":23}}},"fnMap":{"0":{"name":"(anonymous_1)","decl":{"start":{"line":12,"column":16},"end":{"line":12,"column":17}},"loc":{"start":{"line":12,"column":46},"end":{"line":76,"column":1}}},"1":{"name":"(anonymous_2)","decl":{"start":{"line":18,"column":12},"end":{"line":18,"column":21}},"loc":{"start":{"line":18,"column":23},"end":{"line":27,"column":3}}},"2":{"name":"(anonymous_3)","decl":{"start":{"line":19,"column":22},"end":{"line":19,"column":27}},"loc":{"start":{"line":19,"column":48},"end":{"line":25,"column":5}}},"3":{"name":"(anonymous_4)","decl":{"start":{"line":47,"column":18},"end":{"line":47,"column":19}},"loc":{"start":{"line":48,"column":20},"end":{"line":63,"column":null}}},"4":{"name":"(anonymous_5)","decl":{"start":{"line":56,"column":47},"end":{"line":56,"column":48}},"loc":{"start":{"line":57,"column":30},"end":{"line":57,"column":44}}}},"branchMap":{"0":{"loc":{"start":{"line":22,"column":77},"end":{"line":22,"column":89}},"type":"binary-expr","locations":[{"start":{"line":22,"column":77},"end":{"line":22,"column":83}},{"start":{"line":22,"column":87},"end":{"line":22,"column":89}}]},"1":{"loc":{"start":{"line":31,"column":7},"end":{"line":72,"column":null}},"type":"cond-expr","locations":[{"start":{"line":32,"column":8},"end":{"line":67,"column":null}},{"start":{"line":70,"column":8},"end":{"line":71,"column":null}}]},"2":{"loc":{"start":{"line":36,"column":26},"end":{"line":36,"column":81}},"type":"cond-expr","locations":[{"start":{"line":36,"column":53},"end":{"line":36,"column":77}},{"start":{"line":36,"column":80},"end":{"line":36,"column":81}}]},"3":{"loc":{"start":{"line":42,"column":49},"end":{"line":42,"column":76}},"type":"binary-expr","locations":[{"start":{"line":42,"column":49},"end":{"line":42,"column":63}},{"start":{"line":42,"column":67},"end":{"line":42,"column":76}}]},"4":{"loc":{"start":{"line":45,"column":13},"end":{"line":66,"column":27}},"type":"cond-expr","locations":[{"start":{"line":46,"column":16},"end":{"line":64,"column":null}},{"start":{"line":66,"column":16},"end":{"line":66,"column":27}}]},"5":{"loc":{"start":{"line":48,"column":20},"end":{"line":63,"column":null}},"type":"binary-expr","locations":[{"start":{"line":48,"column":20},"end":{"line":48,"column":36}},{"start":{"line":49,"column":20},"end":{"line":49,"column":39}},{"start":{"line":50,"column":22},"end":{"line":50,"column":63}}]},"6":{"loc":{"start":{"line":52,"column":25},"end":{"line":61,"column":null}},"type":"cond-expr","locations":[{"start":{"line":53,"column":26},"end":{"line":53,"column":46}},{"start":{"line":55,"column":26},"end":{"line":60,"column":null}}]},"7":{"loc":{"start":{"line":53,"column":26},"end":{"line":53,"column":46}},"type":"binary-expr","locations":[{"start":{"line":53,"column":26},"end":{"line":53,"column":33}},{"start":{"line":53,"column":37},"end":{"line":53,"column":46}}]}},"s":{"0":2,"1":2,"2":2,"3":2,"4":2,"5":2,"6":2,"7":2,"8":2,"9":2,"10":15,"11":15,"12":15,"13":15,"14":15,"15":5,"16":5,"17":5,"18":5,"19":5,"20":5,"21":5,"22":15,"23":80,"24":0,"25":2},"f":{"0":15,"1":5,"2":5,"3":80,"4":0},"b":{"0":[5,1],"1":[10,5],"2":[8,2],"3":[10,10],"4":[5,5],"5":[80,75,70],"6":[65,5],"7":[65,10]}}
,"D:\\Workspace\\GitHub\\harry-potter-search\\src\\modules\\details\\helpers\\transformResponseToDetailsInfo.ts": {"path":"D:\\Workspace\\GitHub\\harry-potter-search\\src\\modules\\details\\helpers\\transformResponseToDetailsInfo.ts","statementMap":{"0":{"start":{"line":20,"column":6},"end":{"line":20,"column":25}},"1":{"start":{"line":21,"column":2},"end":{"line":38,"column":4}},"2":{"start":{"line":41,"column":0},"end":{"line":41,"column":46}}},"fnMap":{"0":{"name":"transformResponseToDetailsInfo","decl":{"start":{"line":3,"column":9},"end":{"line":3,"column":39}},"loc":{"start":{"line":3,"column":66},"end":{"line":39,"column":1}}}},"branchMap":{},"s":{"0":5,"1":5,"2":2},"f":{"0":5},"b":{}}
,"D:\\Workspace\\GitHub\\harry-potter-search\\src\\modules\\errorBoundary\\index.tsx": {"path":"D:\\Workspace\\GitHub\\harry-potter-search\\src\\modules\\errorBoundary\\index.tsx","statementMap":{"0":{"start":{"line":1,"column":0},"end":{"line":1,"column":55}},"1":{"start":{"line":3,"column":0},"end":{"line":3,"column":29}}},"fnMap":{},"branchMap":{},"s":{"0":1,"1":1},"f":{},"b":{}}
,"D:\\Workspace\\GitHub\\harry-potter-search\\src\\modules\\errorBoundary\\components\\ErrorBoundary.tsx": {"path":"D:\\Workspace\\GitHub\\harry-potter-search\\src\\modules\\errorBoundary\\components\\ErrorBoundary.tsx","statementMap":{"0":{"start":{"line":1,"column":0},"end":{"line":1,"column":45}},"1":{"start":{"line":2,"column":0},"end":{"line":2,"column":65}},"2":{"start":{"line":6,"column":17},"end":{"line":8,"column":4}},"3":{"start":{"line":11,"column":4},"end":{"line":11,"column":30}},"4":{"start":{"line":16,"column":4},"end":{"line":16,"column":89}},"5":{"start":{"line":17,"column":4},"end":{"line":17,"column":38}},"6":{"start":{"line":21,"column":4},"end":{"line":30,"column":null}},"7":{"start":{"line":22,"column":6},"end":{"line":29,"column":8}},"8":{"start":{"line":25,"column":80},"end":{"line":25,"column":114}},"9":{"start":{"line":31,"column":4},"end":{"line":31,"column":40}},"10":{"start":{"line":35,"column":0},"end":{"line":35,"column":29}}},"fnMap":{"0":{"name":"(anonymous_1)","decl":{"start":{"line":10,"column":9},"end":{"line":10,"column":15}},"loc":{"start":{"line":10,"column":40},"end":{"line":12,"column":3}}},"1":{"name":"(anonymous_2)","decl":{"start":{"line":14,"column":9},"end":{"line":14,"column":26}},"loc":{"start":{"line":14,"column":61},"end":{"line":18,"column":3}}},"2":{"name":"(anonymous_3)","decl":{"start":{"line":20,"column":9},"end":{"line":20,"column":15}},"loc":{"start":{"line":20,"column":15},"end":{"line":32,"column":3}}},"3":{"name":"(anonymous_4)","decl":{"start":{"line":25,"column":68},"end":{"line":25,"column":77}},"loc":{"start":{"line":25,"column":80},"end":{"line":25,"column":114}}}},"branchMap":{"0":{"loc":{"start":{"line":21,"column":4},"end":{"line":30,"column":null}},"type":"if","locations":[{"start":{"line":21,"column":4},"end":{"line":30,"column":null}}]},"1":{"loc":{"start":{"line":31,"column":11},"end":{"line":31,"column":39}},"type":"binary-expr","locations":[{"start":{"line":31,"column":11},"end":{"line":31,"column":30}},{"start":{"line":31,"column":34},"end":{"line":31,"column":39}}]}},"s":{"0":1,"1":1,"2":8,"3":8,"4":4,"5":4,"6":22,"7":12,"8":1,"9":10,"10":1},"f":{"0":8,"1":4,"2":22,"3":1},"b":{"0":[12],"1":[10,1]}}
,"D:\\Workspace\\GitHub\\harry-potter-search\\src\\modules\\header\\index.tsx": {"path":"D:\\Workspace\\GitHub\\harry-potter-search\\src\\modules\\header\\index.tsx","statementMap":{"0":{"start":{"line":1,"column":0},"end":{"line":1,"column":41}},"1":{"start":{"line":3,"column":0},"end":{"line":3,"column":22}}},"fnMap":{},"branchMap":{},"s":{"0":1,"1":1},"f":{},"b":{}}
,"D:\\Workspace\\GitHub\\harry-potter-search\\src\\modules\\header\\components\\Header.tsx": {"path":"D:\\Workspace\\GitHub\\harry-potter-search\\src\\modules\\header\\components\\Header.tsx","statementMap":{"0":{"start":{"line":2,"column":0},"end":{"line":2,"column":65}},"1":{"start":{"line":3,"column":0},"end":{"line":3,"column":41}},"2":{"start":{"line":4,"column":0},"end":{"line":4,"column":46}},"3":{"start":{"line":6,"column":15},"end":{"line":16,"column":1}},"4":{"start":{"line":7,"column":24},"end":{"line":7,"column":77}},"5":{"start":{"line":9,"column":2},"end":{"line":15,"column":4}},"6":{"start":{"line":18,"column":0},"end":{"line":18,"column":22}}},"fnMap":{"0":{"name":"(anonymous_1)","decl":{"start":{"line":6,"column":15},"end":{"line":6,"column":16}},"loc":{"start":{"line":6,"column":51},"end":{"line":16,"column":1}}}},"branchMap":{},"s":{"0":1,"1":1,"2":1,"3":1,"4":3,"5":3,"6":1},"f":{"0":3},"b":{}}
,"D:\\Workspace\\GitHub\\harry-potter-search\\src\\modules\\pagination\\index.tsx": {"path":"D:\\Workspace\\GitHub\\harry-potter-search\\src\\modules\\pagination\\index.tsx","statementMap":{"0":{"start":{"line":1,"column":0},"end":{"line":1,"column":49}},"1":{"start":{"line":3,"column":0},"end":{"line":3,"column":26}}},"fnMap":{},"branchMap":{},"s":{"0":1,"1":1},"f":{},"b":{}}
,"D:\\Workspace\\GitHub\\harry-potter-search\\src\\modules\\pagination\\components\\Pagination.tsx": {"path":"D:\\Workspace\\GitHub\\harry-potter-search\\src\\modules\\pagination\\components\\Pagination.tsx","statementMap":{"0":{"start":{"line":1,"column":0},"end":{"line":1,"column":33}},"1":{"start":{"line":2,"column":0},"end":{"line":2,"column":51}},"2":{"start":{"line":3,"column":0},"end":{"line":3,"column":92}},"3":{"start":{"line":5,"column":0},"end":{"line":5,"column":67}},"4":{"start":{"line":6,"column":0},"end":{"line":6,"column":53}},"5":{"start":{"line":7,"column":0},"end":{"line":7,"column":65}},"6":{"start":{"line":9,"column":0},"end":{"line":9,"column":62}},"7":{"start":{"line":11,"column":19},"end":{"line":69,"column":1}},"8":{"start":{"line":12,"column":30},"end":{"line":12,"column":52}},"9":{"start":{"line":13,"column":42},"end":{"line":13,"column":59}},"10":{"start":{"line":14,"column":25},"end":{"line":14,"column":49}},"11":{"start":{"line":15,"column":26},"end":{"line":15,"column":72}},"12":{"start":{"line":17,"column":24},"end":{"line":17,"column":81}},"13":{"start":{"line":19,"column":21},"end":{"line":26,"column":3}},"14":{"start":{"line":20,"column":23},"end":{"line":20,"column":63}},"15":{"start":{"line":21,"column":19},"end":{"line":21,"column":109}},"16":{"start":{"line":22,"column":4},"end":{"line":22,"column":33}},"17":{"start":{"line":23,"column":4},"end":{"line":23,"column":41}},"18":{"start":{"line":24,"column":4},"end":{"line":24,"column":18}},"19":{"start":{"line":25,"column":4},"end":{"line":25,"column":18}},"20":{"start":{"line":28,"column":26},"end":{"line":36,"column":3}},"21":{"start":{"line":29,"column":4},"end":{"line":35,"column":null}},"22":{"start":{"line":30,"column":6},"end":{"line":30,"column":49}},"23":{"start":{"line":30,"column":27},"end":{"line":30,"column":49}},"24":{"start":{"line":31,"column":21},"end":{"line":31,"column":47}},"25":{"start":{"line":32,"column":6},"end":{"line":32,"column":29}},"26":{"start":{"line":33,"column":6},"end":{"line":33,"column":64}},"27":{"start":{"line":33,"column":40},"end":{"line":33,"column":64}},"28":{"start":{"line":34,"column":6},"end":{"line":34,"column":50}},"29":{"start":{"line":34,"column":27},"end":{"line":34,"column":50}},"30":{"start":{"line":38,"column":26},"end":{"line":46,"column":3}},"31":{"start":{"line":39,"column":4},"end":{"line":45,"column":null}},"32":{"start":{"line":40,"column":6},"end":{"line":40,"column":49}},"33":{"start":{"line":40,"column":27},"end":{"line":40,"column":49}},"34":{"start":{"line":41,"column":21},"end":{"line":41,"column":47}},"35":{"start":{"line":42,"column":6},"end":{"line":42,"column":29}},"36":{"start":{"line":43,"column":6},"end":{"line":43,"column":64}},"37":{"start":{"line":43,"column":40},"end":{"line":43,"column":64}},"38":{"start":{"line":44,"column":6},"end":{"line":44,"column":50}},"39":{"start":{"line":44,"column":27},"end":{"line":44,"column":50}},"40":{"start":{"line":48,"column":2},"end":{"line":68,"column":4}},"41":{"start":{"line":71,"column":0},"end":{"line":71,"column":26}}},"fnMap":{"0":{"name":"(anonymous_1)","decl":{"start":{"line":11,"column":19},"end":{"line":11,"column":20}},"loc":{"start":{"line":11,"column":59},"end":{"line":69,"column":1}}},"1":{"name":"(anonymous_2)","decl":{"start":{"line":19,"column":21},"end":{"line":19,"column":26}},"loc":{"start":{"line":19,"column":69},"end":{"line":26,"column":3}}},"2":{"name":"(anonymous_3)","decl":{"start":{"line":28,"column":26},"end":{"line":28,"column":31}},"loc":{"start":{"line":28,"column":52},"end":{"line":36,"column":3}}},"3":{"name":"(anonymous_4)","decl":{"start":{"line":38,"column":26},"end":{"line":38,"column":31}},"loc":{"start":{"line":38,"column":52},"end":{"line":46,"column":3}}}},"branchMap":{"0":{"loc":{"start":{"line":15,"column":35},"end":{"line":15,"column":71}},"type":"cond-expr","locations":[{"start":{"line":15,"column":52},"end":{"line":15,"column":67}},{"start":{"line":15,"column":70},"end":{"line":15,"column":71}}]},"1":{"loc":{"start":{"line":20,"column":23},"end":{"line":20,"column":63}},"type":"binary-expr","locations":[{"start":{"line":20,"column":23},"end":{"line":20,"column":57}},{"start":{"line":20,"column":61},"end":{"line":20,"column":63}}]},"2":{"loc":{"start":{"line":29,"column":4},"end":{"line":35,"column":null}},"type":"if","locations":[{"start":{"line":29,"column":4},"end":{"line":35,"column":null}}]},"3":{"loc":{"start":{"line":30,"column":6},"end":{"line":30,"column":49}},"type":"if","locations":[{"start":{"line":30,"column":6},"end":{"line":30,"column":49}}]},"4":{"loc":{"start":{"line":33,"column":6},"end":{"line":33,"column":64}},"type":"if","locations":[{"start":{"line":33,"column":6},"end":{"line":33,"column":64}}]},"5":{"loc":{"start":{"line":34,"column":6},"end":{"line":34,"column":50}},"type":"if","locations":[{"start":{"line":34,"column":6},"end":{"line":34,"column":50}}]},"6":{"loc":{"start":{"line":39,"column":4},"end":{"line":45,"column":null}},"type":"if","locations":[{"start":{"line":39,"column":4},"end":{"line":45,"column":null}}]},"7":{"loc":{"start":{"line":40,"column":6},"end":{"line":40,"column":49}},"type":"if","locations":[{"start":{"line":40,"column":6},"end":{"line":40,"column":49}}]},"8":{"loc":{"start":{"line":43,"column":6},"end":{"line":43,"column":64}},"type":"if","locations":[{"start":{"line":43,"column":6},"end":{"line":43,"column":64}}]},"9":{"loc":{"start":{"line":44,"column":6},"end":{"line":44,"column":50}},"type":"if","locations":[{"start":{"line":44,"column":6},"end":{"line":44,"column":50}}]},"10":{"loc":{"start":{"line":52,"column":48},"end":{"line":52,"column":87}},"type":"cond-expr","locations":[{"start":{"line":52,"column":65},"end":{"line":52,"column":82}},{"start":{"line":52,"column":85},"end":{"line":52,"column":87}}]},"11":{"loc":{"start":{"line":61,"column":73},"end":{"line":61,"column":112}},"type":"cond-expr","locations":[{"start":{"line":61,"column":90},"end":{"line":61,"column":107}},{"start":{"line":61,"column":110},"end":{"line":61,"column":112}}]}},"s":{"0":1,"1":1,"2":1,"3":1,"4":1,"5":1,"6":1,"7":1,"8":4,"9":4,"10":4,"11":4,"12":4,"13":4,"14":2,"15":2,"16":2,"17":2,"18":2,"19":2,"20":4,"21":1,"22":1,"23":0,"24":1,"25":1,"26":1,"27":0,"28":1,"29":0,"30":4,"31":1,"32":1,"33":0,"34":1,"35":1,"36":1,"37":0,"38":1,"39":0,"40":4,"41":1},"f":{"0":4,"1":2,"2":1,"3":1},"b":{"0":[3,1],"1":[2,2],"2":[1],"3":[0],"4":[0],"5":[0],"6":[1],"7":[0],"8":[0],"9":[0],"10":[1,3],"11":[0,4]}}
,"D:\\Workspace\\GitHub\\harry-potter-search\\src\\modules\\searchForm\\index.tsx": {"path":"D:\\Workspace\\GitHub\\harry-potter-search\\src\\modules\\searchForm\\index.tsx","statementMap":{"0":{"start":{"line":1,"column":0},"end":{"line":1,"column":49}},"1":{"start":{"line":3,"column":0},"end":{"line":3,"column":26}}},"fnMap":{},"branchMap":{},"s":{"0":1,"1":1},"f":{},"b":{}}
,"D:\\Workspace\\GitHub\\harry-potter-search\\src\\modules\\searchForm\\components\\SearchForm.tsx": {"path":"D:\\Workspace\\GitHub\\harry-potter-search\\src\\modules\\searchForm\\components\\SearchForm.tsx","statementMap":{"0":{"start":{"line":1,"column":0},"end":{"line":1,"column":45}},"1":{"start":{"line":2,"column":0},"end":{"line":2,"column":64}},"2":{"start":{"line":3,"column":0},"end":{"line":3,"column":92}},"3":{"start":{"line":4,"column":0},"end":{"line":4,"column":67}},"4":{"start":{"line":5,"column":0},"end":{"line":5,"column":53}},"5":{"start":{"line":6,"column":0},"end":{"line":6,"column":65}},"6":{"start":{"line":7,"column":0},"end":{"line":7,"column":40}},"7":{"start":{"line":10,"column":19},"end":{"line":73,"column":1}},"8":{"start":{"line":11,"column":60},"end":{"line":11,"column":82}},"9":{"start":{"line":12,"column":42},"end":{"line":12,"column":59}},"10":{"start":{"line":13,"column":24},"end":{"line":13,"column":82}},"11":{"start":{"line":14,"column":19},"end":{"line":14,"column":32}},"12":{"start":{"line":16,"column":21},"end":{"line":23,"column":3}},"13":{"start":{"line":17,"column":19},"end":{"line":17,"column":109}},"14":{"start":{"line":18,"column":4},"end":{"line":18,"column":33}},"15":{"start":{"line":19,"column":4},"end":{"line":22,"column":null}},"16":{"start":{"line":20,"column":6},"end":{"line":20,"column":94}},"17":{"start":{"line":21,"column":6},"end":{"line":21,"column":94}},"18":{"start":{"line":25,"column":2},"end":{"line":39,"column":9}},"19":{"start":{"line":26,"column":22},"end":{"line":36,"column":5}},"20":{"start":{"line":27,"column":6},"end":{"line":35,"column":null}},"21":{"start":{"line":28,"column":8},"end":{"line":28,"column":51}},"22":{"start":{"line":28,"column":29},"end":{"line":28,"column":51}},"23":{"start":{"line":30,"column":31},"end":{"line":30,"column":55}},"24":{"start":{"line":31,"column":23},"end":{"line":31,"column":63}},"25":{"start":{"line":32,"column":8},"end":{"line":32,"column":71}},"26":{"start":{"line":33,"column":8},"end":{"line":33,"column":33}},"27":{"start":{"line":34,"column":8},"end":{"line":34,"column":52}},"28":{"start":{"line":34,"column":29},"end":{"line":34,"column":52}},"29":{"start":{"line":37,"column":4},"end":{"line":37,"column":16}},"30":{"start":{"line":41,"column":23},"end":{"line":55,"column":3}},"31":{"start":{"line":42,"column":4},"end":{"line":42,"column":27}},"32":{"start":{"line":43,"column":4},"end":{"line":54,"column":null}},"33":{"start":{"line":44,"column":6},"end":{"line":44,"column":49}},"34":{"start":{"line":44,"column":27},"end":{"line":44,"column":49}},"35":{"start":{"line":46,"column":6},"end":{"line":46,"column":27}},"36":{"start":{"line":47,"column":6},"end":{"line":47,"column":37}},"37":{"start":{"line":48,"column":21},"end":{"line":48,"column":38}},"38":{"start":{"line":49,"column":6},"end":{"line":49,"column":31}},"39":{"start":{"line":50,"column":6},"end":{"line":50,"column":31}},"40":{"start":{"line":51,"column":6},"end":{"line":51,"column":49}},"41":{"start":{"line":53,"column":6},"end":{"line":53,"column":50}},"42":{"start":{"line":53,"column":27},"end":{"line":53,"column":50}},"43":{"start":{"line":57,"column":2},"end":{"line":72,"column":4}},"44":{"start":{"line":61,"column":42},"end":{"line":61,"column":61}},"45":{"start":{"line":75,"column":0},"end":{"line":75,"column":26}}},"fnMap":{"0":{"name":"(anonymous_1)","decl":{"start":{"line":10,"column":19},"end":{"line":10,"column":20}},"loc":{"start":{"line":10,"column":59},"end":{"line":73,"column":1}}},"1":{"name":"(anonymous_2)","decl":{"start":{"line":16,"column":21},"end":{"line":16,"column":26}},"loc":{"start":{"line":16,"column":80},"end":{"line":23,"column":3}}},"2":{"name":"(anonymous_3)","decl":{"start":{"line":25,"column":12},"end":{"line":25,"column":21}},"loc":{"start":{"line":25,"column":23},"end":{"line":39,"column":3}}},"3":{"name":"(anonymous_4)","decl":{"start":{"line":26,"column":22},"end":{"line":26,"column":27}},"loc":{"start":{"line":26,"column":48},"end":{"line":36,"column":5}}},"4":{"name":"(anonymous_5)","decl":{"start":{"line":41,"column":23},"end":{"line":41,"column":28}},"loc":{"start":{"line":41,"column":82},"end":{"line":55,"column":3}}},"5":{"name":"(anonymous_6)","decl":{"start":{"line":61,"column":16},"end":{"line":61,"column":17}},"loc":{"start":{"line":61,"column":42},"end":{"line":61,"column":61}}}},"branchMap":{"0":{"loc":{"start":{"line":19,"column":4},"end":{"line":22,"column":null}},"type":"if","locations":[{"start":{"line":19,"column":4},"end":{"line":22,"column":null}}]},"1":{"loc":{"start":{"line":19,"column":8},"end":{"line":19,"column":52}},"type":"binary-expr","locations":[{"start":{"line":19,"column":8},"end":{"line":19,"column":28}},{"start":{"line":19,"column":32},"end":{"line":19,"column":52}}]},"2":{"loc":{"start":{"line":20,"column":6},"end":{"line":20,"column":93}},"type":"cond-expr","locations":[{"start":{"line":20,"column":37},"end":{"line":20,"column":64}},{"start":{"line":20,"column":67},"end":{"line":20,"column":93}}]},"3":{"loc":{"start":{"line":21,"column":6},"end":{"line":21,"column":93}},"type":"cond-expr","locations":[{"start":{"line":21,"column":37},"end":{"line":21,"column":64}},{"start":{"line":21,"column":67},"end":{"line":21,"column":93}}]},"4":{"loc":{"start":{"line":27,"column":6},"end":{"line":35,"column":null}},"type":"if","locations":[{"start":{"line":27,"column":6},"end":{"line":35,"column":null}}]},"5":{"loc":{"start":{"line":28,"column":8},"end":{"line":28,"column":51}},"type":"if","locations":[{"start":{"line":28,"column":8},"end":{"line":28,"column":51}}]},"6":{"loc":{"start":{"line":31,"column":23},"end":{"line":31,"column":63}},"type":"binary-expr","locations":[{"start":{"line":31,"column":23},"end":{"line":31,"column":57}},{"start":{"line":31,"column":61},"end":{"line":31,"column":63}}]},"7":{"loc":{"start":{"line":32,"column":33},"end":{"line":32,"column":69}},"type":"cond-expr","locations":[{"start":{"line":32,"column":50},"end":{"line":32,"column":65}},{"start":{"line":32,"column":68},"end":{"line":32,"column":69}}]},"8":{"loc":{"start":{"line":34,"column":8},"end":{"line":34,"column":52}},"type":"if","locations":[{"start":{"line":34,"column":8},"end":{"line":34,"column":52}}]},"9":{"loc":{"start":{"line":43,"column":4},"end":{"line":54,"column":null}},"type":"if","locations":[{"start":{"line":43,"column":4},"end":{"line":54,"column":null}}]},"10":{"loc":{"start":{"line":44,"column":6},"end":{"line":44,"column":49}},"type":"if","locations":[{"start":{"line":44,"column":6},"end":{"line":44,"column":49}}]},"11":{"loc":{"start":{"line":53,"column":6},"end":{"line":53,"column":50}},"type":"if","locations":[{"start":{"line":53,"column":6},"end":{"line":53,"column":50}}]},"12":{"loc":{"start":{"line":65,"column":49},"end":{"line":65,"column":86}},"type":"cond-expr","locations":[{"start":{"line":65,"column":64},"end":{"line":65,"column":81}},{"start":{"line":65,"column":84},"end":{"line":65,"column":86}}]}},"s":{"0":1,"1":1,"2":1,"3":1,"4":1,"5":1,"6":1,"7":1,"8":5,"9":5,"10":5,"11":5,"12":5,"13":4,"14":4,"15":4,"16":0,"17":0,"18":5,"19":3,"20":3,"21":3,"22":0,"23":3,"24":3,"25":3,"26":3,"27":3,"28":0,"29":3,"30":5,"31":1,"32":1,"33":1,"34":0,"35":1,"36":1,"37":1,"38":1,"39":1,"40":1,"41":1,"42":0,"43":5,"44":1,"45":1},"f":{"0":5,"1":4,"2":3,"3":3,"4":1,"5":1},"b":{"0":[0],"1":[4,0],"2":[0,0],"3":[0,0],"4":[3],"5":[0],"6":[3,2],"7":[0,3],"8":[0],"9":[1],"10":[0],"11":[0],"12":[0,5]}}
,"D:\\Workspace\\GitHub\\harry-potter-search\\src\\modules\\searchForm\\components\\SearchInput.tsx": {"path":"D:\\Workspace\\GitHub\\harry-potter-search\\src\\modules\\searchForm\\components\\SearchInput.tsx","statementMap":{"0":{"start":{"line":2,"column":0},"end":{"line":2,"column":92}},"1":{"start":{"line":4,"column":0},"end":{"line":4,"column":52}},"2":{"start":{"line":6,"column":20},"end":{"line":27,"column":1}},"3":{"start":{"line":7,"column":43},"end":{"line":7,"column":65}},"4":{"start":{"line":9,"column":28},"end":{"line":12,"column":3}},"5":{"start":{"line":10,"column":4},"end":{"line":10,"column":27}},"6":{"start":{"line":11,"column":4},"end":{"line":11,"column":41}},"7":{"start":{"line":14,"column":2},"end":{"line":26,"column":4}},"8":{"start":{"line":29,"column":0},"end":{"line":29,"column":27}}},"fnMap":{"0":{"name":"(anonymous_1)","decl":{"start":{"line":6,"column":20},"end":{"line":6,"column":21}},"loc":{"start":{"line":6,"column":61},"end":{"line":27,"column":1}}},"1":{"name":"(anonymous_2)","decl":{"start":{"line":9,"column":28},"end":{"line":9,"column":29}},"loc":{"start":{"line":9,"column":75},"end":{"line":12,"column":3}}}},"branchMap":{"0":{"loc":{"start":{"line":21,"column":21},"end":{"line":21,"column":54}},"type":"binary-expr","locations":[{"start":{"line":21,"column":21},"end":{"line":21,"column":43}},{"start":{"line":21,"column":47},"end":{"line":21,"column":54}}]}},"s":{"0":2,"1":2,"2":2,"3":7,"4":7,"5":2,"6":2,"7":7,"8":2},"f":{"0":7,"1":2},"b":{"0":[7,7]}}
,"D:\\Workspace\\GitHub\\harry-potter-search\\src\\modules\\startScreen\\index.tsx": {"path":"D:\\Workspace\\GitHub\\harry-potter-search\\src\\modules\\startScreen\\index.tsx","statementMap":{"0":{"start":{"line":1,"column":0},"end":{"line":1,"column":51}},"1":{"start":{"line":3,"column":0},"end":{"line":3,"column":27}}},"fnMap":{},"branchMap":{},"s":{"0":1,"1":1},"f":{},"b":{}}
,"D:\\Workspace\\GitHub\\harry-potter-search\\src\\modules\\startScreen\\components\\StartScreen.tsx": {"path":"D:\\Workspace\\GitHub\\harry-potter-search\\src\\modules\\startScreen\\components\\StartScreen.tsx","statementMap":{"0":{"start":{"line":1,"column":0},"end":{"line":1,"column":52}},"1":{"start":{"line":3,"column":20},"end":{"line":21,"column":1}},"2":{"start":{"line":4,"column":2},"end":{"line":20,"column":4}},"3":{"start":{"line":23,"column":0},"end":{"line":23,"column":27}}},"fnMap":{"0":{"name":"(anonymous_1)","decl":{"start":{"line":3,"column":20},"end":{"line":3,"column":36}},"loc":{"start":{"line":3,"column":38},"end":{"line":21,"column":1}}}},"branchMap":{},"s":{"0":1,"1":1,"2":1,"3":1},"f":{"0":1},"b":{}}
,"D:\\Workspace\\GitHub\\harry-potter-search\\src\\pages\\errorPage\\components\\ErrorPage.tsx": {"path":"D:\\Workspace\\GitHub\\harry-potter-search\\src\\pages\\errorPage\\components\\ErrorPage.tsx","statementMap":{"0":{"start":{"line":1,"column":0},"end":{"line":1,"column":40}},"1":{"start":{"line":2,"column":0},"end":{"line":2,"column":65}},"2":{"start":{"line":3,"column":0},"end":{"line":3,"column":65}},"3":{"start":{"line":6,"column":18},"end":{"line":19,"column":1}},"4":{"start":{"line":7,"column":24},"end":{"line":7,"column":81}},"5":{"start":{"line":9,"column":2},"end":{"line":18,"column":4}},"6":{"start":{"line":21,"column":0},"end":{"line":21,"column":25}}},"fnMap":{"0":{"name":"(anonymous_1)","decl":{"start":{"line":6,"column":18},"end":{"line":6,"column":19}},"loc":{"start":{"line":6,"column":48},"end":{"line":19,"column":1}}}},"branchMap":{},"s":{"0":0,"1":0,"2":0,"3":0,"4":0,"5":0,"6":0},"f":{"0":0},"b":{}}
,"D:\\Workspace\\GitHub\\harry-potter-search\\src\\pages\\mainPage\\components\\ErrorButton.tsx": {"path":"D:\\Workspace\\GitHub\\harry-potter-search\\src\\pages\\mainPage\\components\\ErrorButton.tsx","statementMap":{"0":{"start":{"line":1,"column":0},"end":{"line":1,"column":33}},"1":{"start":{"line":3,"column":20},"end":{"line":19,"column":1}},"2":{"start":{"line":4,"column":34},"end":{"line":4,"column":49}},"3":{"start":{"line":6,"column":24},"end":{"line":8,"column":3}},"4":{"start":{"line":7,"column":4},"end":{"line":7,"column":27}},"5":{"start":{"line":10,"column":2},"end":{"line":12,"column":null}},"6":{"start":{"line":11,"column":4},"end":{"line":11,"column":40}},"7":{"start":{"line":14,"column":2},"end":{"line":18,"column":4}},"8":{"start":{"line":15,"column":65},"end":{"line":15,"column":80}},"9":{"start":{"line":21,"column":0},"end":{"line":21,"column":27}}},"fnMap":{"0":{"name":"(anonymous_0)","decl":{"start":{"line":3,"column":20},"end":{"line":3,"column":36}},"loc":{"start":{"line":3,"column":38},"end":{"line":19,"column":1}}},"1":{"name":"(anonymous_1)","decl":{"start":{"line":6,"column":24},"end":{"line":6,"column":33}},"loc":{"start":{"line":6,"column":35},"end":{"line":8,"column":3}}},"2":{"name":"(anonymous_2)","decl":{"start":{"line":15,"column":53},"end":{"line":15,"column":62}},"loc":{"start":{"line":15,"column":65},"end":{"line":15,"column":80}}}},"branchMap":{"0":{"loc":{"start":{"line":10,"column":2},"end":{"line":12,"column":null}},"type":"if","locations":[{"start":{"line":10,"column":2},"end":{"line":12,"column":null}}]}},"s":{"0":0,"1":0,"2":0,"3":0,"4":0,"5":0,"6":0,"7":0,"8":0,"9":0},"f":{"0":0,"1":0,"2":0},"b":{"0":[0]}}
,"D:\\Workspace\\GitHub\\harry-potter-search\\src\\pages\\mainPage\\components\\MainPage.tsx": {"path":"D:\\Workspace\\GitHub\\harry-potter-search\\src\\pages\\mainPage\\components\\MainPage.tsx","statementMap":{"0":{"start":{"line":1,"column":0},"end":{"line":1,"column":88}},"1":{"start":{"line":2,"column":0},"end":{"line":2,"column":55}},"2":{"start":{"line":3,"column":0},"end":{"line":3,"column":40}},"3":{"start":{"line":5,"column":17},"end":{"line":14,"column":1}},"4":{"start":{"line":6,"column":2},"end":{"line":13,"column":4}},"5":{"start":{"line":16,"column":0},"end":{"line":16,"column":24}}},"fnMap":{"0":{"name":"(anonymous_1)","decl":{"start":{"line":5,"column":17},"end":{"line":5,"column":33}},"loc":{"start":{"line":5,"column":35},"end":{"line":14,"column":1}}}},"branchMap":{},"s":{"0":0,"1":0,"2":0,"3":0,"4":0,"5":0},"f":{"0":0},"b":{}}
,"D:\\Workspace\\GitHub\\harry-potter-search\\src\\pages\\mainPage\\components\\MainSection.tsx": {"path":"D:\\Workspace\\GitHub\\harry-potter-search\\src\\pages\\mainPage\\components\\MainSection.tsx","statementMap":{"0":{"start":{"line":1,"column":0},"end":{"line":1,"column":33}},"1":{"start":{"line":2,"column":0},"end":{"line":2,"column":65}},"2":{"start":{"line":3,"column":0},"end":{"line":3,"column":92}},"3":{"start":{"line":4,"column":0},"end":{"line":4,"column":53}},"4":{"start":{"line":5,"column":0},"end":{"line":5,"column":61}},"5":{"start":{"line":6,"column":0},"end":{"line":6,"column":53}},"6":{"start":{"line":7,"column":0},"end":{"line":7,"column":40}},"7":{"start":{"line":8,"column":0},"end":{"line":8,"column":47}},"8":{"start":{"line":9,"column":0},"end":{"line":9,"column":47}},"9":{"start":{"line":10,"column":0},"end":{"line":10,"column":65}},"10":{"start":{"line":11,"column":0},"end":{"line":11,"column":67}},"11":{"start":{"line":12,"column":0},"end":{"line":12,"column":53}},"12":{"start":{"line":14,"column":20},"end":{"line":92,"column":1}},"13":{"start":{"line":15,"column":30},"end":{"line":15,"column":52}},"14":{"start":{"line":16,"column":30},"end":{"line":16,"column":45}},"15":{"start":{"line":18,"column":32},"end":{"line":18,"column":46}},"16":{"start":{"line":19,"column":32},"end":{"line":19,"column":47}},"17":{"start":{"line":21,"column":42},"end":{"line":21,"column":81}},"18":{"start":{"line":23,"column":42},"end":{"line":23,"column":59}},"19":{"start":{"line":25,"column":29},"end":{"line":36,"column":3}},"20":{"start":{"line":26,"column":4},"end":{"line":26,"column":20}},"21":{"start":{"line":27,"column":4},"end":{"line":27,"column":27}},"22":{"start":{"line":28,"column":19},"end":{"line":28,"column":53}},"23":{"start":{"line":29,"column":17},"end":{"line":29,"column":18}},"24":{"start":{"line":30,"column":19},"end":{"line":30,"column":98}},"25":{"start":{"line":31,"column":4},"end":{"line":31,"column":41}},"26":{"start":{"line":32,"column":4},"end":{"line":32,"column":33}},"27":{"start":{"line":33,"column":4},"end":{"line":33,"column":72}},"28":{"start":{"line":34,"column":4},"end":{"line":34,"column":72}},"29":{"start":{"line":35,"column":4},"end":{"line":35,"column":21}},"30":{"start":{"line":38,"column":2},"end":{"line":91,"column":4}},"31":{"start":{"line":94,"column":0},"end":{"line":94,"column":27}}},"fnMap":{"0":{"name":"(anonymous_1)","decl":{"start":{"line":14,"column":20},"end":{"line":14,"column":36}},"loc":{"start":{"line":14,"column":38},"end":{"line":92,"column":1}}},"1":{"name":"(anonymous_2)","decl":{"start":{"line":25,"column":29},"end":{"line":25,"column":34}},"loc":{"start":{"line":25,"column":68},"end":{"line":36,"column":3}}}},"branchMap":{"0":{"loc":{"start":{"line":30,"column":72},"end":{"line":30,"column":84}},"type":"binary-expr","locations":[{"start":{"line":30,"column":72},"end":{"line":30,"column":78}},{"start":{"line":30,"column":82},"end":{"line":30,"column":84}}]},"1":{"loc":{"start":{"line":33,"column":4},"end":{"line":33,"column":71}},"type":"cond-expr","locations":[{"start":{"line":33,"column":35},"end":{"line":33,"column":52}},{"start":{"line":33,"column":55},"end":{"line":33,"column":71}}]},"2":{"loc":{"start":{"line":34,"column":4},"end":{"line":34,"column":71}},"type":"cond-expr","locations":[{"start":{"line":34,"column":35},"end":{"line":34,"column":52}},{"start":{"line":34,"column":55},"end":{"line":34,"column":71}}]},"3":{"loc":{"start":{"line":53,"column":9},"end":{"line":87,"column":null}},"type":"cond-expr","locations":[{"start":{"line":54,"column":10},"end":{"line":84,"column":null}},{"start":{"line":87,"column":10},"end":{"line":87,"column":20}}]},"4":{"loc":{"start":{"line":57,"column":28},"end":{"line":57,"column":85}},"type":"cond-expr","locations":[{"start":{"line":57,"column":55},"end":{"line":57,"column":79}},{"start":{"line":57,"column":82},"end":{"line":57,"column":85}}]}},"s":{"0":0,"1":0,"2":0,"3":0,"4":0,"5":0,"6":0,"7":0,"8":0,"9":0,"10":0,"11":0,"12":0,"13":0,"14":0,"15":0,"16":0,"17":0,"18":0,"19":0,"20":0,"21":0,"22":0,"23":0,"24":0,"25":0,"26":0,"27":0,"28":0,"29":0,"30":0,"31":0},"f":{"0":0,"1":0},"b":{"0":[0,0],"1":[0,0],"2":[0,0],"3":[0,0],"4":[0,0]}}
,"D:\\Workspace\\GitHub\\harry-potter-search\\src\\pages\\page404\\components\\Page404.tsx": {"path":"D:\\Workspace\\GitHub\\harry-potter-search\\src\\pages\\page404\\components\\Page404.tsx","statementMap":{"0":{"start":{"line":1,"column":0},"end":{"line":1,"column":40}},"1":{"start":{"line":2,"column":0},"end":{"line":2,"column":57}},"2":{"start":{"line":4,"column":16},"end":{"line":23,"column":1}},"3":{"start":{"line":5,"column":2},"end":{"line":22,"column":4}},"4":{"start":{"line":25,"column":0},"end":{"line":25,"column":23}}},"fnMap":{"0":{"name":"(anonymous_1)","decl":{"start":{"line":4,"column":16},"end":{"line":4,"column":32}},"loc":{"start":{"line":4,"column":34},"end":{"line":23,"column":1}}}},"branchMap":{},"s":{"0":1,"1":1,"2":1,"3":1,"4":1},"f":{"0":1},"b":{}}
,"D:\\Workspace\\GitHub\\harry-potter-search\\src\\tests\\__mock__\\image-alarm-light.ts": {"path":"D:\\Workspace\\GitHub\\harry-potter-search\\src\\tests\\__mock__\\image-alarm-light.ts","statementMap":{"0":{"start":{"line":1,"column":0},"end":{"line":1,"column":45}}},"fnMap":{},"branchMap":{},"s":{"0":2},"f":{},"b":{}}
,"D:\\Workspace\\GitHub\\harry-potter-search\\src\\tests\\__mock__\\image-card-picture.ts": {"path":"D:\\Workspace\\GitHub\\harry-potter-search\\src\\tests\\__mock__\\image-card-picture.ts","statementMap":{"0":{"start":{"line":1,"column":0},"end":{"line":1,"column":46}}},"fnMap":{},"branchMap":{},"s":{"0":3},"f":{},"b":{}}
,"D:\\Workspace\\GitHub\\harry-potter-search\\src\\tests\\__mock__\\image-logo-header.ts": {"path":"D:\\Workspace\\GitHub\\harry-potter-search\\src\\tests\\__mock__\\image-logo-header.ts","statementMap":{"0":{"start":{"line":1,"column":0},"end":{"line":1,"column":40}}},"fnMap":{},"branchMap":{},"s":{"0":1},"f":{},"b":{}}
,"D:\\Workspace\\GitHub\\harry-potter-search\\src\\tests\\__mock__\\image-page-404.ts": {"path":"D:\\Workspace\\GitHub\\harry-potter-search\\src\\tests\\__mock__\\image-page-404.ts","statementMap":{"0":{"start":{"line":1,"column":0},"end":{"line":1,"column":45}}},"fnMap":{},"branchMap":{},"s":{"0":1},"f":{},"b":{}}
,"D:\\Workspace\\GitHub\\harry-potter-search\\src\\tests\\__mock__\\image-pagination.ts": {"path":"D:\\Workspace\\GitHub\\harry-potter-search\\src\\tests\\__mock__\\image-pagination.ts","statementMap":{"0":{"start":{"line":1,"column":0},"end":{"line":1,"column":51}}},"fnMap":{},"branchMap":{},"s":{"0":1},"f":{},"b":{}}
,"D:\\Workspace\\GitHub\\harry-potter-search\\src\\tests\\__mock__\\image-search.ts": {"path":"D:\\Workspace\\GitHub\\harry-potter-search\\src\\tests\\__mock__\\image-search.ts","statementMap":{"0":{"start":{"line":1,"column":0},"end":{"line":1,"column":40}}},"fnMap":{},"branchMap":{},"s":{"0":2},"f":{},"b":{}}
,"D:\\Workspace\\GitHub\\harry-potter-search\\src\\tests\\__mock__\\image-start-screen.ts": {"path":"D:\\Workspace\\GitHub\\harry-potter-search\\src\\tests\\__mock__\\image-start-screen.ts","statementMap":{"0":{"start":{"line":1,"column":0},"end":{"line":1,"column":42}}},"fnMap":{},"branchMap":{},"s":{"0":1},"f":{},"b":{}}
,"D:\\Workspace\\GitHub\\harry-potter-search\\src\\tests\\__mock__\\mockGetCharacterResult.ts": {"path":"D:\\Workspace\\GitHub\\harry-potter-search\\src\\tests\\__mock__\\mockGetCharacterResult.ts","statementMap":{"0":{"start":{"line":3,"column":31},"end":{"line":38,"column":2}},"1":{"start":{"line":4,"column":2},"end":{"line":37,"column":4}},"2":{"start":{"line":40,"column":0},"end":{"line":40,"column":38}}},"fnMap":{"0":{"name":"(anonymous_0)","decl":{"start":{"line":3,"column":39},"end":{"line":3,"column":null}},"loc":{"start":{"line":3,"column":39},"end":{"line":38,"column":1}}}},"branchMap":{},"s":{"0":2,"1":5,"2":2},"f":{"0":5},"b":{}}
,"D:\\Workspace\\GitHub\\harry-potter-search\\src\\tests\\__mock__\\mockGetSearchResult.ts": {"path":"D:\\Workspace\\GitHub\\harry-potter-search\\src\\tests\\__mock__\\mockGetSearchResult.ts","statementMap":{"0":{"start":{"line":3,"column":28},"end":{"line":60,"column":2}},"1":{"start":{"line":4,"column":2},"end":{"line":59,"column":4}},"2":{"start":{"line":62,"column":0},"end":{"line":62,"column":35}}},"fnMap":{"0":{"name":"(anonymous_0)","decl":{"start":{"line":3,"column":36},"end":{"line":3,"column":null}},"loc":{"start":{"line":3,"column":36},"end":{"line":60,"column":1}}}},"branchMap":{},"s":{"0":2,"1":6,"2":2},"f":{"0":6},"b":{}}
}
