TN:
SF:src\main.tsx
FNF:0
FNH:0
DA:1,0
DA:2,0
DA:3,0
DA:4,0
DA:5,0
DA:7,0
LF:6
LH:0
BRF:0
BRH:0
end_of_record
TN:
SF:src\vite-env.d.ts
FNF:0
FNH:0
LF:0
LH:0
BRF:0
BRH:0
end_of_record
TN:
SF:src\UI\errorMessage\ErrorMessage.tsx
FN:5,(anonymous_1)
FNF:1
FNH:1
FNDA:17,(anonymous_1)
DA:1,3
DA:3,3
DA:5,3
DA:6,17
DA:7,17
DA:15,3
LF:6
LH:6
BRF:0
BRH:0
end_of_record
TN:
SF:src\UI\loader\Loader.tsx
FN:4,(anonymous_1)
FNF:1
FNH:1
FNDA:12,(anonymous_1)
DA:2,6
DA:4,6
DA:5,12
DA:6,12
DA:9,6
LF:5
LH:5
BRF:0
BRH:0
end_of_record
TN:
SF:src\UI\logo\Logo.tsx
FN:5,(anonymous_1)
FNF:1
FNH:1
FNDA:7,(anonymous_1)
DA:2,2
DA:3,2
DA:5,2
DA:6,7
DA:8,7
DA:16,2
LF:6
LH:6
BRDA:11,0,0,7
BRDA:11,0,1,4
BRF:2
BRH:2
end_of_record
TN:
SF:src\UI\select\Select.tsx
FN:4,(anonymous_1)
FN:7,(anonymous_2)
FN:15,(anonymous_3)
FNF:3
FNH:3
FNDA:12,(anonymous_1)
FNDA:4,(anonymous_2)
FNDA:63,(anonymous_3)
DA:1,3
DA:4,3
DA:5,12
DA:7,12
DA:8,4
DA:11,12
DA:16,63
DA:25,3
LF:8
LH:8
BRDA:8,0,0,4
BRF:1
BRH:1
end_of_record
TN:
SF:src\api\constants\apiBase.ts
FN:1,(anonymous_0)
FNF:1
FNH:1
FNDA:6,(anonymous_0)
DA:1,6
DA:2,6
DA:3,6
DA:6,6
LF:4
LH:4
BRDA:1,0,0,6
BRDA:1,0,1,6
BRF:2
BRH:2
end_of_record
TN:
SF:src\api\constants\limitsPerPage.ts
FN:1,(anonymous_0)
FNF:1
FNH:1
FNDA:3,(anonymous_0)
DA:1,3
DA:2,3
DA:3,3
DA:4,3
DA:5,3
DA:6,3
DA:7,3
DA:10,3
LF:8
LH:8
BRDA:1,0,0,3
BRDA:1,0,1,3
BRF:2
BRH:2
end_of_record
TN:
SF:src\api\helpers\getCharacterResult.ts
FN:3,getCharacterResult
FNF:1
FNH:1
FNDA:2,getCharacterResult
DA:4,2
DA:5,2
DA:7,2
DA:8,1
DA:11,1
DA:12,1
DA:15,1
LF:7
LH:7
BRDA:7,0,0,1
BRF:1
BRH:1
end_of_record
TN:
SF:src\api\helpers\getSearchResult.ts
FN:4,getSearchResult
FNF:1
FNH:1
FNDA:2,getSearchResult
DA:2,1
DA:11,2
DA:14,2
DA:16,2
DA:17,1
DA:20,1
DA:21,1
DA:24,1
LF:8
LH:8
BRDA:11,0,0,2
BRDA:11,0,1,0
BRDA:12,1,0,2
BRDA:12,1,1,0
BRDA:13,2,0,2
BRDA:13,2,1,0
BRDA:16,3,0,1
BRF:7
BRH:4
end_of_record
TN:
SF:src\app\App.tsx
FN:19,(anonymous_1)
FNF:1
FNH:0
FNDA:0,(anonymous_1)
DA:1,0
DA:2,0
DA:3,0
DA:4,0
DA:5,0
DA:6,0
DA:8,0
DA:19,0
DA:20,0
DA:23,0
LF:10
LH:0
BRF:0
BRH:0
end_of_record
TN:
SF:src\app\RootLayout.tsx
FN:6,(anonymous_1)
FNF:1
FNH:0
FNDA:0,(anonymous_1)
DA:1,0
DA:2,0
DA:3,0
DA:6,0
DA:7,0
DA:8,0
DA:16,0
LF:7
LH:0
BRF:0
BRH:0
end_of_record
TN:
SF:src\components\characterCard\CharacterCard.tsx
FN:6,(anonymous_1)
FN:18,(anonymous_2)
FNF:2
FNH:2
FNDA:9,(anonymous_1)
FNDA:64,(anonymous_2)
DA:1,4
DA:3,4
DA:4,4
DA:6,4
DA:7,9
DA:8,8
DA:10,8
DA:19,64
DA:34,4
LF:9
LH:9
BRDA:14,0,0,1
BRDA:14,0,1,7
BRDA:19,1,0,64
BRDA:19,1,1,56
BRDA:19,1,2,48
BRDA:24,2,0,48
BRDA:24,2,1,8
BRF:7
BRH:7
end_of_record
TN:
SF:src\contexts\searchFormContext\SearchFormContext.ts
FNF:0
FNH:0
DA:1,6
DA:4,6
DA:6,6
LF:3
LH:3
BRF:0
BRH:0
end_of_record
TN:
SF:src\contexts\searchFormContext\SearchFormProvider.tsx
FN:5,(anonymous_1)
FN:10,(anonymous_2)
FN:14,(anonymous_3)
FNF:3
FNH:3
FNDA:4,(anonymous_1)
FNDA:1,(anonymous_2)
FNDA:2,(anonymous_3)
DA:1,1
DA:2,1
DA:5,1
DA:6,4
DA:7,4
DA:8,3
DA:10,3
DA:11,1
DA:14,3
DA:15,2
DA:17,3
DA:24,1
LF:12
LH:12
BRDA:7,0,0,4
BRDA:7,0,1,4
BRF:2
BRH:2
end_of_record
TN:
SF:src\contexts\searchFormContext\useSearchFormContext.ts
FN:5,(anonymous_1)
FNF:1
FNH:1
FNDA:84,(anonymous_1)
DA:1,6
DA:2,6
DA:5,6
DA:6,84
DA:7,82
DA:8,0
DA:10,82
DA:13,6
LF:8
LH:7
BRDA:7,0,0,0
BRF:1
BRH:0
end_of_record
TN:
SF:src\helpers\getFullClassName.ts
FN:1,getFullClassName
FNF:1
FNH:1
FNDA:110,getFullClassName
DA:2,110
DA:5,14
LF:2
LH:2
BRDA:2,0,0,26
BRDA:2,0,1,84
BRF:2
BRH:2
end_of_record
TN:
SF:src\modules\characterCards\index.tsx
FNF:0
FNH:0
DA:1,3
DA:3,3
LF:2
LH:2
BRF:0
BRH:0
end_of_record
TN:
SF:src\modules\characterCards\components\CharacterCards.tsx
FN:7,(anonymous_1)
FN:15,(anonymous_2)
FNF:2
FNH:2
FNDA:13,(anonymous_1)
FNDA:4,(anonymous_2)
DA:1,3
DA:2,3
DA:3,3
DA:5,3
DA:7,3
DA:8,13
DA:10,12
DA:15,4
DA:27,3
LF:9
LH:9
BRDA:13,0,0,12
BRDA:13,0,1,0
BRDA:14,1,0,4
BRDA:14,1,1,8
BRF:4
BRH:3
end_of_record
TN:
SF:src\modules\characterCards\helpers\transformResponseToCardInfo.ts
FN:2,transformResponseToCardInfo
FN:3,(anonymous_1)
FNF:2
FNH:2
FNDA:4,transformResponseToCardInfo
FNDA:4,(anonymous_1)
DA:3,4
DA:4,4
DA:5,4
DA:16,4
DA:19,3
LF:5
LH:5
BRF:0
BRH:0
end_of_record
TN:
SF:src\modules\details\index.tsx
FNF:0
FNH:0
DA:1,2
DA:3,2
LF:2
LH:2
BRF:0
BRH:0
end_of_record
TN:
SF:src\modules\details\components\Details.tsx
FN:12,(anonymous_1)
FN:18,(anonymous_2)
FN:19,(anonymous_3)
FN:54,(anonymous_4)
FN:63,(anonymous_5)
FNF:5
FNH:4
FNDA:15,(anonymous_1)
FNDA:5,(anonymous_2)
FNDA:5,(anonymous_3)
FNDA:80,(anonymous_4)
FNDA:0,(anonymous_5)
DA:1,2
DA:2,2
DA:3,2
DA:4,2
DA:6,2
DA:7,2
DA:8,2
DA:9,2
DA:10,2
DA:12,2
DA:13,15
DA:14,15
DA:15,15
DA:16,15
DA:18,15
DA:19,5
DA:20,5
DA:21,5
DA:22,5
DA:23,5
DA:24,5
DA:27,0
DA:28,0
DA:30,5
DA:33,5
DA:36,15
DA:55,80
DA:64,0
DA:85,2
LF:29
LH:26
BRDA:23,0,0,5
BRDA:23,0,1,1
BRDA:38,1,0,10
BRDA:38,1,1,5
BRDA:43,2,0,8
BRDA:43,2,1,2
BRDA:49,3,0,10
BRDA:49,3,1,10
BRDA:52,4,0,5
BRDA:52,4,1,5
BRDA:55,5,0,80
BRDA:55,5,1,75
BRDA:55,5,2,70
BRDA:59,6,0,65
BRDA:59,6,1,5
BRDA:60,7,0,65
BRDA:60,7,1,10
BRF:17
BRH:17
end_of_record
TN:
SF:src\modules\details\helpers\transformResponseToDetailsInfo.ts
FN:3,transformResponseToDetailsInfo
FNF:1
FNH:1
FNDA:5,transformResponseToDetailsInfo
DA:20,5
DA:21,5
DA:41,2
LF:3
LH:3
BRF:0
BRH:0
end_of_record
TN:
SF:src\modules\errorBoundary\index.tsx
FNF:0
FNH:0
DA:1,1
DA:3,1
LF:2
LH:2
BRF:0
BRH:0
end_of_record
TN:
SF:src\modules\errorBoundary\components\ErrorBoundary.tsx
FN:10,(anonymous_1)
FN:14,(anonymous_2)
FN:20,(anonymous_3)
FN:25,(anonymous_4)
FNF:4
FNH:4
FNDA:8,(anonymous_1)
FNDA:4,(anonymous_2)
FNDA:22,(anonymous_3)
FNDA:1,(anonymous_4)
DA:1,1
DA:2,1
DA:6,8
DA:11,8
DA:16,4
DA:17,4
DA:21,22
DA:22,12
DA:25,1
DA:31,10
DA:35,1
LF:11
LH:11
BRDA:21,0,0,12
BRDA:31,1,0,10
BRDA:31,1,1,1
BRF:3
BRH:3
end_of_record
TN:
SF:src\modules\header\index.tsx
FNF:0
FNH:0
DA:1,1
DA:3,1
LF:2
LH:2
BRF:0
BRH:0
end_of_record
TN:
SF:src\modules\header\components\Header.tsx
FN:6,(anonymous_1)
FNF:1
FNH:1
FNDA:3,(anonymous_1)
DA:2,1
DA:3,1
DA:4,1
DA:6,1
DA:7,3
DA:9,3
DA:18,1
LF:7
LH:7
BRF:0
BRH:0
end_of_record
TN:
SF:src\modules\pagination\index.tsx
FNF:0
FNH:0
DA:1,3
DA:3,3
LF:2
LH:2
BRF:0
BRH:0
end_of_record
TN:
SF:src\modules\pagination\components\Pagination.tsx
FN:11,(anonymous_1)
FN:19,(anonymous_2)
FN:28,(anonymous_3)
FN:38,(anonymous_4)
FNF:4
FNH:4
FNDA:13,(anonymous_1)
FNDA:2,(anonymous_2)
FNDA:1,(anonymous_3)
FNDA:1,(anonymous_4)
DA:1,3
DA:2,3
DA:3,3
DA:5,3
DA:6,3
DA:7,3
DA:9,3
DA:11,3
DA:12,13
DA:13,13
DA:14,13
DA:15,13
DA:17,13
DA:19,13
DA:20,2
DA:21,2
DA:22,2
DA:23,2
DA:24,2
DA:25,2
DA:28,13
DA:29,1
DA:30,1
DA:31,1
DA:32,1
DA:33,1
DA:34,1
DA:38,13
DA:39,1
DA:40,1
DA:41,1
DA:42,1
DA:43,1
DA:44,1
DA:48,13
DA:71,3
LF:36
LH:36
BRDA:15,0,0,6
BRDA:15,0,1,7
BRDA:20,1,0,2
BRDA:20,1,1,2
BRDA:29,2,0,1
BRDA:30,3,0,0
BRDA:33,4,0,0
BRDA:34,5,0,0
BRDA:39,6,0,1
BRDA:40,7,0,0
BRDA:43,8,0,0
BRDA:44,9,0,0
BRDA:52,10,0,6
BRDA:52,10,1,7
BRDA:61,11,0,2
BRDA:61,11,1,11
BRF:16
BRH:10
end_of_record
TN:
SF:src\modules\searchForm\index.tsx
FNF:0
FNH:0
DA:1,3
DA:3,3
LF:2
LH:2
BRF:0
BRH:0
end_of_record
TN:
SF:src\modules\searchForm\components\SearchForm.tsx
FN:10,(anonymous_1)
FN:16,(anonymous_2)
FN:25,(anonymous_3)
FN:26,(anonymous_4)
FN:41,(anonymous_5)
FN:61,(anonymous_6)
FNF:6
FNH:6
FNDA:20,(anonymous_1)
FNDA:7,(anonymous_2)
FNDA:6,(anonymous_3)
FNDA:6,(anonymous_4)
FNDA:1,(anonymous_5)
FNDA:1,(anonymous_6)
DA:1,3
DA:2,3
DA:3,3
DA:4,3
DA:5,3
DA:6,3
DA:7,3
DA:10,3
DA:11,20
DA:12,20
DA:13,20
DA:14,20
DA:16,20
DA:17,7
DA:18,7
DA:19,7
DA:20,3
DA:21,3
DA:25,20
DA:26,6
DA:27,6
DA:28,6
DA:30,6
DA:31,6
DA:32,6
DA:33,6
DA:34,6
DA:37,6
DA:41,20
DA:42,1
DA:43,1
DA:44,1
DA:46,1
DA:47,1
DA:48,1
DA:49,1
DA:50,1
DA:51,1
DA:53,1
DA:57,20
DA:61,1
DA:75,3
LF:42
LH:42
BRDA:19,0,0,3
BRDA:19,1,0,7
BRDA:19,1,1,3
BRDA:20,2,0,1
BRDA:20,2,1,2
BRDA:21,3,0,1
BRDA:21,3,1,2
BRDA:27,4,0,6
BRDA:28,5,0,3
BRDA:31,6,0,6
BRDA:31,6,1,5
BRDA:32,7,0,0
BRDA:32,7,1,6
BRDA:34,8,0,3
BRDA:43,9,0,1
BRDA:44,10,0,0
BRDA:53,11,0,0
BRDA:65,12,0,6
BRDA:65,12,1,14
BRF:19
BRH:16
end_of_record
TN:
SF:src\modules\searchForm\components\SearchInput.tsx
FN:6,(anonymous_1)
FN:9,(anonymous_2)
FNF:2
FNH:2
FNDA:22,(anonymous_1)
FNDA:2,(anonymous_2)
DA:2,4
DA:4,4
DA:6,4
DA:7,22
DA:9,22
DA:10,2
DA:11,2
DA:14,22
DA:29,4
LF:9
LH:9
BRDA:21,0,0,22
BRDA:21,0,1,7
BRF:2
BRH:2
end_of_record
TN:
SF:src\modules\startScreen\index.tsx
FNF:0
FNH:0
DA:1,2
DA:3,2
LF:2
LH:2
BRF:0
BRH:0
end_of_record
TN:
SF:src\modules\startScreen\components\StartScreen.tsx
FN:3,(anonymous_1)
FNF:1
FNH:1
FNDA:2,(anonymous_1)
DA:1,2
DA:3,2
DA:4,2
DA:23,2
LF:4
LH:4
BRF:0
BRH:0
end_of_record
TN:
SF:src\pages\errorPage\components\ErrorPage.tsx
FN:6,(anonymous_1)
FNF:1
FNH:1
FNDA:3,(anonymous_1)
DA:1,1
DA:2,1
DA:3,1
DA:6,1
DA:7,3
DA:9,3
DA:21,1
LF:7
LH:7
BRF:0
BRH:0
end_of_record
TN:
SF:src\pages\mainPage\components\ErrorButton.tsx
FN:3,(anonymous_0)
FN:6,(anonymous_1)
FN:15,(anonymous_2)
FNF:3
FNH:3
FNDA:22,(anonymous_0)
FNDA:1,(anonymous_1)
FNDA:1,(anonymous_2)
DA:1,3
DA:3,3
DA:4,22
DA:6,21
DA:7,1
DA:10,21
DA:11,4
DA:14,17
DA:15,1
DA:21,3
LF:10
LH:10
BRDA:10,0,0,4
BRF:1
BRH:1
end_of_record
TN:
SF:src\pages\mainPage\components\MainPage.tsx
FN:5,(anonymous_1)
FNF:1
FNH:1
FNDA:2,(anonymous_1)
DA:1,1
DA:2,1
DA:3,1
DA:5,1
DA:6,2
DA:16,1
LF:6
LH:6
BRF:0
BRH:0
end_of_record
TN:
SF:src\pages\mainPage\components\MainSection.tsx
FN:14,(anonymous_1)
FN:25,(anonymous_2)
FNF:2
FNH:2
FNDA:16,(anonymous_1)
FNDA:3,(anonymous_2)
DA:1,2
DA:2,2
DA:3,2
DA:4,2
DA:5,2
DA:6,2
DA:7,2
DA:8,2
DA:9,2
DA:10,2
DA:11,2
DA:12,2
DA:14,2
DA:15,16
DA:16,15
DA:18,15
DA:19,15
DA:21,15
DA:23,15
DA:25,15
DA:26,3
DA:27,3
DA:28,3
DA:29,3
DA:30,3
DA:31,3
DA:32,3
DA:33,3
DA:34,3
DA:35,3
DA:38,15
DA:94,2
LF:32
LH:32
BRDA:30,0,0,3
BRDA:30,0,1,3
BRDA:33,1,0,1
BRDA:33,1,1,2
BRDA:34,2,0,1
BRDA:34,2,1,2
BRDA:53,3,0,9
BRDA:53,3,1,6
BRDA:57,4,0,3
BRDA:57,4,1,6
BRF:10
BRH:10
end_of_record
TN:
SF:src\pages\page404\components\Page404.tsx
FN:4,(anonymous_1)
FNF:1
FNH:1
FNDA:1,(anonymous_1)
DA:1,1
DA:2,1
DA:4,1
DA:5,1
DA:25,1
LF:5
LH:5
BRF:0
BRH:0
end_of_record
TN:
SF:src\tests\__mock__\image-alarm-light.ts
FNF:0
FNH:0
DA:1,3
LF:1
LH:1
BRF:0
BRH:0
end_of_record
TN:
SF:src\tests\__mock__\image-card-picture.ts
FNF:0
FNH:0
DA:1,5
LF:1
LH:1
BRF:0
BRH:0
end_of_record
TN:
SF:src\tests\__mock__\image-logo-header.ts
FNF:0
FNH:0
DA:1,1
LF:1
LH:1
BRF:0
BRH:0
end_of_record
TN:
SF:src\tests\__mock__\image-page-404.ts
FNF:0
FNH:0
DA:1,1
LF:1
LH:1
BRF:0
BRH:0
end_of_record
TN:
SF:src\tests\__mock__\image-pagination.ts
FNF:0
FNH:0
DA:1,1
LF:1
LH:1
BRF:0
BRH:0
end_of_record
TN:
SF:src\tests\__mock__\image-search.ts
FNF:0
FNH:0
DA:1,2
LF:1
LH:1
BRF:0
BRH:0
end_of_record
TN:
SF:src\tests\__mock__\image-start-screen.ts
FNF:0
FNH:0
DA:1,1
LF:1
LH:1
BRF:0
BRH:0
end_of_record
TN:
SF:src\tests\__mock__\mockGetCharacterResult.ts
FN:3,(anonymous_0)
FNF:1
FNH:1
FNDA:5,(anonymous_0)
DA:3,2
DA:4,5
DA:40,2
LF:3
LH:3
BRF:0
BRH:0
end_of_record
TN:
SF:src\tests\__mock__\mockGetSearchResult.ts
FN:3,(anonymous_0)
FNF:1
FNH:1
FNDA:10,(anonymous_0)
DA:3,4
DA:4,10
DA:62,4
LF:3
LH:3
BRF:0
BRH:0
end_of_record
